
> temp-app@0.1.0 build
> next build

  Ôû▓ Next.js 14.2.35

   Creating an optimized production build ...
 Ô£ô Compiled successfully
   Linting and checking validity of types ...
node.exe : Failed to compile.
En línea: 1 Carácter: 1
+ & "C:\Program 
Files\nodejs/node.exe" "C:\Use
rs\PC\AppData\Roaming\npm ...
+ ~~~~~~~~~~~~~~~~~~~~~~~~~~~~
~~~~~~~~~~~~~~~~~~~~~~~~~~~~~~
~~~~~~~~~~~
    + CategoryInfo          : 
    NotSpecified: (Failed to  
   compile.:String) [], Rem   
 oteException
    + FullyQualifiedErrorId : 
    NativeCommandError
 

./src/components/theme-provide
r.tsx:5:41
Type error: Cannot find 
module 
'next-themes/dist/types' or 
its corresponding type 
declarations.

[0m [90m 3 |[39m 
[36mimport[39m [33m*[39m 
[36mas[39m [33mReact[39m 
[36mfrom[39m 
[32m"react"[39m[0m
[0m [90m 4 |[39m 
[36mimport[39m { 
[33mThemeProvider[39m 
[36mas[39m 
[33mNextThemesProvider[39m 
} [36mfrom[39m 
[32m"next-themes"[39m[0m
[0m[31m[1m>[22m[39m[90m 
5 |[39m [36mimport[39m { 
type 
[33mThemeProviderProps[39m 
} [36mfrom[39m [32m"next-th
emes/dist/types"[39m[0m
[0m [90m   |[39m           
                              
[31m[1m^[22m[39m[0m
[0m [90m 6 |[39m[0m
[0m [90m 7 |[39m 
[36mexport[39m 
[36mfunction[39m 
[33mThemeProvider[39m({ 
children[33m,[39m 
[33m...[39mprops 
}[33m:[39m 
[33mThemeProviderProps[39m) 
{[0m
[0m [90m 8 |[39m   
[36mreturn[39m [33m<[39m[
33mNextThemesProvider[39m {[
33m...[39mprops}[33m>[39m{c
hildren}[33m<[39m[33m/[39m
[33mNextThemesProvider[39m[
33m>[39m[0m
Next.js build worker exited 
with code: 1 and signal: null
