
> temp-app@0.1.0 build
> next build

  Ôû▓ Next.js 14.2.35

   Creating an optimized production build ...
 Ô£ô Compiled successfully
   Linting and checking validity of types ...
   Collecting page data ...
   Generating static pages (0/8) ...
   Generating static pages (2/8) 
   Generating static pages (4/8) 
   Generating static pages (6/8) 
 Ô£ô Generating static pages (8/8)
   Finalizing page optimization ...
   Collecting build traces ...

Route (app)                                  Size     First Load JS
Ôöî Ôùï /                                        181 B          96.1 kB
Ôö£ Ôùï /_not-found                              873 B          88.1 kB
Ôö£ Ôùï /blog                                    181 B          96.1 kB
Ôö£ ÔùÅ /blog/[slug]                             181 B          96.1 kB
Ôö£   Ôöö /blog/understanding-transformers-2026
Ôöö Ôùï /projects                                138 B          87.4 kB
+ First Load JS shared by all                87.3 kB
  Ôö£ chunks/117-d6d1c3d86ff266c4.js           31.7 kB
  Ôö£ chunks/fd9d1056-b85368f462abd31d.js      53.6 kB
  Ôöö other shared chunks (total)              1.89 kB


Ôùï  (Static)  prerendered as static content
ÔùÅ  (SSG)     prerendered as static HTML (uses getStaticProps)

